make all --print-data-base --no-builtin-variables --no-builtin-rules --question
# GNU Make 4.3
# Built for x86_64-pc-linux-gnu
# Copyright (C) 1988-2020 Free Software Foundation, Inc.
# License GPLv3+: GNU GPL version 3 or later <http://gnu.org/licenses/gpl.html>
# This is free software: you are free to change and redistribute it.
# There is NO WARRANTY, to the extent permitted by law.

# Make data base, printed on Tue Jul 19 20:21:51 2022

# Variables

# environment
GDK_BACKEND = x11
# environment
LC_ALL = C
# environment
GNOME_SHELL_SESSION_MODE = ubuntu
# environment
SSH_AGENT_LAUNCHER = gnome-keyring
# environment
SNAP_INSTANCE_KEY = 
# environment
GJS_DEBUG_OUTPUT = stderr
# environment
LC_NAME = pt_BR.UTF-8
# environment
LC_NUMERIC = pt_BR.UTF-8
# environment
VSCODE_CWD = /home/pedro
# environment
LC_ADDRESS = pt_BR.UTF-8
# default
MAKE_COMMAND := make
# environment
QT_ACCESSIBILITY = 1
# automatic
@D = $(patsubst %/,%,$(dir $@))
# environment
SNAP_INSTANCE_NAME = code
# environment
GDK_PIXBUF_MODULEDIR = /snap/code/101/usr/lib/x86_64-linux-gnu/gdk-pixbuf-2.0/2.10.0/loaders
# environment
VSCODE_HANDLES_UNCAUGHT_ERRORS = true
# default
.VARIABLES := 
# environment
PWD = /home/pedro/Desktop/Projects/IRC-1459
# automatic
%D = $(patsubst %/,%,$(dir $%))
# environment
XDG_DATA_DIRS = /usr/share/ubuntu:/usr/local/share/:/usr/share/:/var/lib/snapd/desktop
# automatic
^D = $(patsubst %/,%,$(dir $^))
# automatic
%F = $(notdir $%)
# environment
VSCODE_CODE_CACHE_PATH = /home/pedro/.config/Code/CachedData/b06ae3b2d2dbfe28bca3134cc6be65935cdfea6a
# environment
LANG = C
# environment
XAUTHORITY = /run/user/1000/.mutter-Xwaylandauth.CFVTP1
# default
.LOADED := 
# default
.INCLUDE_DIRS = /usr/local/include /usr/include /usr/include
# makefile
MAKEFLAGS = pqrR
# makefile
CURDIR := /home/pedro/Desktop/Projects/IRC-1459
# environment
APPLICATION_INSIGHTS_NO_DIAGNOSTIC_CHANNEL = 1
# environment
LESSOPEN = | /usr/bin/lesspipe %s
# automatic
*D = $(patsubst %/,%,$(dir $*))
# environment
MFLAGS = -pqrR
# environment
SSH_AUTH_SOCK = /run/user/1000/keyring/ssh
# default
.SHELLFLAGS := -c
# environment
WAYLAND_DISPLAY = wayland-0
# environment
XDG_CONFIG_DIRS = /etc/xdg/xdg-ubuntu:/etc/xdg
# automatic
+D = $(patsubst %/,%,$(dir $+))
# environment
XDG_SESSION_DESKTOP = ubuntu
# makefile (from 'makefile', line 1)
MAKEFILE_LIST := makefile
# environment
SNAP_REEXEC = 
# automatic
@F = $(notdir $@)
# environment
VSCODE_PID = 3882
# makefile (from 'makefile', line 18)
sources = $(foreach d, $(srcdirs), $(wildcard $(d)*.cpp))
# environment
XDG_SESSION_TYPE = wayland
# automatic
?D = $(patsubst %/,%,$(dir $?))
# environment
BAMF_DESKTOP_FILE_HINT = /var/lib/snapd/desktop/applications/code_code.desktop
# environment
SESSION_MANAGER = local/pedro-H310M-M-2-2-0:@/tmp/.ICE-unix/1916,unix/pedro-H310M-M-2-2-0:/tmp/.ICE-unix/1916
# automatic
*F = $(notdir $*)
# environment
CHROME_DESKTOP = code-url-handler.desktop
# environment
DBUS_SESSION_BUS_ADDRESS = unix:path=/run/user/1000/bus
# automatic
<D = $(patsubst %/,%,$(dir $<))
# environment
VSCODE_NLS_CONFIG = {"locale":"en-us","availableLanguages":{},"_languagePackSupport":true}
# default
MAKE_HOST := x86_64-pc-linux-gnu
# environment
GNOME_DESKTOP_SESSION_ID = this-is-deprecated
# makefile
SHELL = /bin/sh
# default
MAKECMDGOALS := all
# environment
XMODIFIERS = @im=ibus
# makefile (from 'makefile', line 19)
objects = $(patsubst src/netlib/%.cpp, build/%.o, $(sources))
# environment
GJS_DEBUG_TOPICS = JS ERROR;JS LOG
# environment
SHLVL = 0
# environment
MAKELEVEL := 0
# environment
IM_CONFIG_CHECK_ENV = 1
# default
MAKE = $(MAKE_COMMAND)
# environment
SNAP_COOKIE = WhP697j5YOiESJV8N5Ldqt3e_02whfQHEYsuxkzngNF2OCEDV_aq
# environment
PATH = /usr/local/sbin:/usr/local/bin:/usr/sbin:/usr/bin:/sbin:/bin:/usr/games:/usr/local/games:/snap/bin:/snap/bin
# default
MAKEFILES := 
# environment
LC_MONETARY = pt_BR.UTF-8
# automatic
^F = $(notdir $^)
# environment
SNAP_USER_COMMON = /home/pedro/snap/code/common
# environment
LC_TIME = pt_BR.UTF-8
# environment
SNAP = /snap/code/101
# environment
INVOCATION_ID = 1a59d7890ac945699ba7dceae0701b17
# environment
SNAP_REVISION = 101
# makefile (from 'makefile', line 16)
objdirs = $(patsubst src/netlib/%, build/%, $(wildcard $(srcdirs)))
# environment
SNAP_REAL_HOME = /home/pedro
# environment
USERNAME = pedro
# environment
GNOME_SETUP_DISPLAY = :1
# environment
LC_TELEPHONE = pt_BR.UTF-8
# environment
LESSCLOSE = /usr/bin/lesspipe %s %s
# automatic
?F = $(notdir $?)
# environment
XDG_CURRENT_DESKTOP = Unity
# environment
LS_COLORS = 
# automatic
+F = $(notdir $+)
# environment
DESKTOP_SESSION = ubuntu
# environment
ORIGINAL_XDG_CURRENT_DESKTOP = ubuntu:GNOME
# 'override' directive
GNUMAKEFLAGS := 
# environment
LOGNAME = pedro
# environment
GIO_LAUNCHED_DESKTOP_FILE = /var/lib/snapd/desktop/applications/code_code.desktop
# environment
SNAP_ARCH = amd64
# makefile
.DEFAULT_GOAL := all
# environment
SYSTEMD_EXEC_PID = 1957
# environment
DISPLAY = :0
# environment
USER = pedro
# environment
GTK_MODULES = gail:atk-bridge
# default
MAKE_VERSION := 4.3
# environment
DISABLE_WAYLAND = 1
# environment
SNAP_DATA = /var/snap/code/101
# environment
SNAP_CONTEXT = WhP697j5YOiESJV8N5Ldqt3e_02whfQHEYsuxkzngNF2OCEDV_aq
# environment
MANAGERPID = 1724
# environment
LC_MEASUREMENT = pt_BR.UTF-8
# environment
GIO_LAUNCHED_DESKTOP_FILE_PID = 3838
# environment
_ = /snap/code/101/usr/share/code/code
# environment
LC_PAPER = pt_BR.UTF-8
# environment
XDG_RUNTIME_DIR = /run/user/1000
# environment
GDK_PIXBUF_MODULE_FILE = /home/pedro/snap/code/common/.cache/gdk-pixbuf-loaders.cache
# environment
LC_CTYPE = pt_BR.UTF-8
# environment
JOURNAL_STREAM = 8:30194
# environment
XDG_SESSION_CLASS = user
# environment
VSCODE_AMD_ENTRYPOINT = vs/workbench/api/node/extensionHostProcess
# environment
HOME = /home/pedro
# environment
QT_IM_MODULE = ibus
# environment
ELECTRON_RUN_AS_NODE = 1
# environment
VSCODE_IPC_HOOK = /run/user/1000/vscode-67d47394-1.69.1-main.sock
# environment
SNAP_NAME = code
# environment
GSETTINGS_SCHEMA_DIR = /snap/code/101/usr/share/glib-2.0/schemas
# environment
IM_CONFIG_PHASE = 1
# default
.RECIPEPREFIX := 
# automatic
<F = $(notdir $<)
# environment
SNAP_VERSION = b06ae3b2
# default
SUFFIXES := 
# environment
VSCODE_CLI = 1
# environment
ELECTRON_NO_ATTACH_CONSOLE = 1
# makefile (from 'makefile', line 15)
srcdirs = src/netlib/ src/netlib/**/
# environment
SNAP_COMMON = /var/snap/code/common
# default
.FEATURES := target-specific order-only second-expansion else-if shortest-stem undefine oneshell nocomment grouped-target extra-prereqs archives jobserver output-sync check-symlink load
# environment
SNAP_USER_DATA = /home/pedro/snap/code/101
# environment
XDG_MENU_PREFIX = gnome-
# makefile (from 'makefile', line 12)
flags = -g -Wall -std=c++1z -pthread -rdynamic
# environment
GDMSESSION = ubuntu
# environment
LC_IDENTIFICATION = pt_BR.UTF-8
# environment
SNAP_LIBRARY_PATH = /var/lib/snapd/lib/gl:/var/lib/snapd/lib/gl32:/var/lib/snapd/void
# variable set hash-table stats:
# Load=132/1024=13%, Rehash=0, Collisions=7/178=4%

# Pattern-specific Variable Values

# No pattern-specific variable values.

# Directories

# src/netlib (device 2082, inode 3278548): 32 files, no impossibilities.
# src/netlib/threads (device 2082, inode 3279120): 5 files, no impossibilities.
# src/netlib/msg (device 2082, inode 3279040): 4 files, no impossibilities.
# . (device 2082, inode 3277511): 10 files, no impossibilities.
 
# src/netlib/cmd (device 2082, inode 3278551): 14 files, no impossibilities.

# 65 files, no impossibilities in 5 directories.

# Implicit Rules

build/%.o: src/netlib/%.cpp
#  recipe to execute (from 'makefile', line 30):
	g++ -c $(flags) -o $@ $<

# 1 implicit rules, 0 (0.0%) terminal.
# Files

build/msg/:
#  Implicit rule search has not been done.
#  Last modified 2022-07-18 13:25:48.89620988
#  File has been updated.
#  Successfully updated.
#  recipe to execute (from 'makefile', line 39):
	mkdir -p $@	

FORCE:
#  Implicit rule search has not been done.
#  Modification time never checked.
#  File has not been updated.

gc: client
#  Implicit rule search has not been done.
#  Modification time never checked.
#  File has not been updated.
#  recipe to execute (from 'makefile', line 51):
	gdb ./build/client -tui

client: build/ build/cmd/ build/msg/ build/threads/ build/channel.o build/client.o build/connectedClient.o build/ircMessageInterpreter.o build/server.o build/serverInterpreter.o build/socket.o build/socketCmds.o build/utils.o build/cmd/cmd.o build/cmd/cmdManager.o build/cmd/cmdParser.o build/cmd/defaultCmds.o build/threads/logger.o build/clientMain.o
#  Implicit rule search has not been done.
#  Modification time never checked.
#  File has not been updated.
#  recipe to execute (from 'makefile', line 27):
	g++ $(objects) build/clientMain.o -o build/client $(flags)

build/clientMain.o: src/clientMain.cpp
#  Implicit rule search has not been done.
#  Modification time never checked.
#  File has not been updated.
#  recipe to execute (from 'makefile', line 36):
	g++ -c $(flags) -o $@ $<

build/client.o: src/netlib/client.cpp
#  Implicit rule search has been done.
#  Implicit/static pattern stem: 'client'
#  Last modified 2022-07-19 11:43:33.165982056
#  File has been updated.
#  Successfully updated.
#  recipe to execute (from 'makefile', line 30):
	g++ -c $(flags) -o $@ $<

# Not a target:
build/cmd/cmd.o:
#  Implicit rule search has not been done.
#  Modification time never checked.
#  File has not been updated.

# Not a target:
build/threads/logger.o:
#  Implicit rule search has not been done.
#  Modification time never checked.
#  File has not been updated.

# Not a target:
src/netlib/ircMessageInterpreter.cpp:
#  Implicit rule search has been done.
#  Last modified 2022-07-14 19:44:11.356834921
#  File has been updated.
#  Successfully updated.

build/connectedClient.o: src/netlib/connectedClient.cpp
#  Implicit rule search has been done.
#  Implicit/static pattern stem: 'connectedClient'
#  Last modified 2022-07-19 11:43:34.106013467
#  File has been updated.
#  Successfully updated.
#  recipe to execute (from 'makefile', line 30):
	g++ -c $(flags) -o $@ $<

# Not a target:
src/clientMain.cpp:
#  Implicit rule search has not been done.
#  Modification time never checked.
#  File has not been updated.

# Not a target:
src/serverMain.cpp:
#  Implicit rule search has not been done.
#  Modification time never checked.
#  File has not been updated.

build/serverMain.o: src/serverMain.cpp
#  Implicit rule search has not been done.
#  Modification time never checked.
#  File has not been updated.
#  recipe to execute (from 'makefile', line 33):
	g++ -c $(flags) -o $@ $<

# Not a target:
build/cmd/defaultCmds.o:
#  Implicit rule search has not been done.
#  Modification time never checked.
#  File has not been updated.

clean:
#  Implicit rule search has not been done.
#  Modification time never checked.
#  File has not been updated.
#  recipe to execute (from 'makefile', line 54):
	rm -f ./build/*.o
	rm -fr zip 
	rm -f *.zip

# Not a target:
src/netlib/client.cpp:
#  Implicit rule search has been done.
#  Last modified 2022-07-18 15:46:53.542656629
#  File has been updated.
#  Successfully updated.

build/cmd/:
#  Implicit rule search has not been done.
#  Last modified 2022-07-18 13:41:29.324015708
#  File has been updated.
#  Successfully updated.
#  recipe to execute (from 'makefile', line 39):
	mkdir -p $@	

# Not a target:
build/cmd/cmdManager.o:
#  Implicit rule search has not been done.
#  Modification time never checked.
#  File has not been updated.

server: build/ build/cmd/ build/msg/ build/threads/ build/channel.o build/client.o build/connectedClient.o build/ircMessageInterpreter.o build/server.o build/serverInterpreter.o build/socket.o build/socketCmds.o build/utils.o build/cmd/cmd.o build/cmd/cmdManager.o build/cmd/cmdParser.o build/cmd/defaultCmds.o build/threads/logger.o build/serverMain.o
#  Implicit rule search has not been done.
#  File does not exist.
#  File has been updated.
#  Needs to be updated (-q is set).
# variable set hash-table stats:
# Load=0/32=0%, Rehash=0, Collisions=0/4=0%
#  recipe to execute (from 'makefile', line 24):
	g++ $(objects) build/serverMain.o -o build/server $(flags)

build/server.o: src/netlib/server.cpp
#  Implicit rule search has been done.
#  Implicit/static pattern stem: 'server'
#  Last modified 2022-07-19 11:48:52.543713381
#  File has been updated.
#  Needs to be updated (-q is set).
# automatic
# @ := build/server.o
# automatic
# * := server
# automatic
# < := src/netlib/server.cpp
# automatic
# + := src/netlib/server.cpp
# automatic
# % := 
# automatic
# ^ := src/netlib/server.cpp
# automatic
# ? := src/netlib/server.cpp
# automatic
# | := 
# variable set hash-table stats:
# Load=8/32=25%, Rehash=0, Collisions=1/14=7%
#  recipe to execute (from 'makefile', line 30):
	g++ -c $(flags) -o $@ $<

gs: server
#  Implicit rule search has not been done.
#  Modification time never checked.
#  File has not been updated.
#  recipe to execute (from 'makefile', line 48):
	gdb ./build/server -tui

# Not a target:
build/serverInterpreter.o:
#  Implicit rule search has not been done.
#  Modification time never checked.
#  File has not been updated.

build/threads/:
#  Implicit rule search has not been done.
#  Last modified 2022-07-18 13:25:55.668374157
#  File has been updated.
#  Successfully updated.
#  recipe to execute (from 'makefile', line 39):
	mkdir -p $@	

# Not a target:
build/utils.o:
#  Implicit rule search has not been done.
#  Modification time never checked.
#  File has not been updated.

# Not a target:
src/netlib/server.cpp:
#  Implicit rule search has been done.
#  Last modified 2022-07-19 13:20:07.597997127
#  File has been updated.
#  Successfully updated.

# Not a target:
.DEFAULT:
#  Implicit rule search has not been done.
#  Modification time never checked.
#  File has not been updated.

# Not a target:
build/socketCmds.o:
#  Implicit rule search has not been done.
#  Modification time never checked.
#  File has not been updated.

all: server client
#  Command line target.
#  Implicit rule search has been done.
#  File does not exist.
#  File has been updated.
#  Needs to be updated (-q is set).
# variable set hash-table stats:
# Load=0/32=0%, Rehash=0, Collisions=0/4=0%

rs: server
#  Implicit rule search has not been done.
#  Modification time never checked.
#  File has not been updated.
#  recipe to execute (from 'makefile', line 42):
	./build/server

# Not a target:
build/cmd/cmdParser.o:
#  Implicit rule search has not been done.
#  Modification time never checked.
#  File has not been updated.

zip: FORCE
#  Implicit rule search has not been done.
#  Modification time never checked.
#  File has not been updated.
#  recipe to execute (from 'makefile', line 61):
	rm code.zip -f
	mkdir zip -p
	rm zip/* -f
	cp -r src zip
	cp makefile zip 
	cp README.md zip
	cd zip; zip -r code.zip *
	mv zip/code.zip .

build/:
#  Implicit rule search has not been done.
#  Last modified 2022-07-19 11:49:09.156177994
#  File has been updated.
#  Successfully updated.
#  recipe to execute (from 'makefile', line 39):
	mkdir -p $@	

rebuild:
#  Implicit rule search has not been done.
#  Modification time never checked.
#  File has not been updated.
#  recipe to execute (from 'makefile', line 71):
	make clean
	make all

# Not a target:
src/netlib/channel.cpp:
 
#  Implicit rule search has been done.
#  Last modified 2022-07-19 11:43:18.761498199
#  File has been updated.
#  Successfully updated.

# Not a target:
makefile:
#  Implicit rule search has been done.
#  Last modified 2022-07-18 14:35:44.799425908
#  File has been updated.
#  Successfully updated.

# Not a target:
build/socket.o:
#  Implicit rule search has not been done.
#  Modification time never checked.
#  File has not been updated.

# Not a target:
src/netlib/connectedClient.cpp:
#  Implicit rule search has been done.
#  Last modified 2022-07-18 17:33:53.328738621
#  File has been updated.
#  Successfully updated.

build/channel.o: src/netlib/channel.cpp
#  Implicit rule search has been done.
#  Implicit/static pattern stem: 'channel'
#  Last modified 2022-07-19 11:43:32.345954635
#  File has been updated.
#  Successfully updated.
#  recipe to execute (from 'makefile', line 30):
	g++ -c $(flags) -o $@ $<

build/ircMessageInterpreter.o: src/netlib/ircMessageInterpreter.cpp
#  Implicit rule search has been done.
#  Implicit/static pattern stem: 'ircMessageInterpreter'
#  Last modified 2022-07-18 13:27:10.84219673
#  File has been updated.
#  Successfully updated.
#  recipe to execute (from 'makefile', line 30):
	g++ -c $(flags) -o $@ $<

rc: client
#  Implicit rule search has not been done.
#  Modification time never checked.
#  File has not been updated.
#  recipe to execute (from 'makefile', line 45):
	./build/client

# files hash-table stats:
# Load=41/1024=4%, Rehash=0, Collisions=6/122=5%
# VPATH Search Paths

# No 'vpath' search paths.

# No general ('VPATH' variable) search path.

# strcache buffers: 1 (0) / strings = 108 / storage = 1419 B / avg = 13 B
# current buf: size = 8162 B / used = 1419 B / count = 108 / avg = 13 B

# strcache performance: lookups = 176 / hit rate = 38%
# hash-table stats:
# Load=108/8192=1%, Rehash=0, Collisions=0/176=0%
# Finished Make data base on Tue Jul 19 20:21:51 2022

 
